[23Dez2019 05:00:11.816] [main/INFO] [cpw.mods.modlauncher.Launcher/MODLAUNCHER]: ModLauncher running: args [--gameDir, ., --launchTarget, fmlserver, --fml.forgeVersion, 30.0.15, --fml.mcpVersion, 20191217.105819, --fml.mcVersion, 1.15.1, --fml.forgeGroup, net.minecraftforge]
[23Dez2019 05:00:11.818] [main/INFO] [cpw.mods.modlauncher.Launcher/MODLAUNCHER]: ModLauncher 5.0.0-milestone.4+67+b1a340b starting: java version 1.8.0_231 by Oracle Corporation
[23Dez2019 05:00:12.037] [main/INFO] [net.minecraftforge.fml.loading.FixSSL/CORE]: Added Lets Encrypt root certificates as additional trust
[23Dez2019 05:00:12.261] [main/WARN] [net.minecraftforge.fml.loading.FMLConfig/CORE]: Configuration file D:\Programming\Minecraft Modding\TutorialMod\config\fml.toml is not correct. Correcting
[23Dez2019 05:00:12.326] [main/WARN] [net.minecraftforge.fml.loading.FMLConfig/CORE]: Incorrect key [defaultConfigPath] was corrected from null to defaultconfigs
[23Dez2019 05:00:12.337] [main/FATAL] [net.minecraftforge.fml.loading.FMLCommonLaunchHandler/CORE]: Failed to find forge version 30.0.15 for MC 1.15.1 at C:\Users\Philipp\.gradle\caches\modules-2\net\minecraftforge\forge\1.15.1-30.0.15\forge-1.15.1-30.0.15-universal.jar
[23Dez2019 05:00:12.337] [main/INFO] [STDERR/]: [java.lang.ThreadGroup:uncaughtException:1052]: java.lang.RuntimeException: Missing forge!
[23Dez2019 05:00:12.337] [main/INFO] [STDERR/]: [java.lang.ThreadGroup:uncaughtException:1052]: 	at net.minecraftforge.fml.loading.FMLCommonLaunchHandler.validatePaths(FMLCommonLaunchHandler.java:118)
[23Dez2019 05:00:12.338] [main/INFO] [STDERR/]: [java.lang.ThreadGroup:uncaughtException:1052]: 	at net.minecraftforge.fml.loading.FMLLoader.setupLaunchHandler(FMLLoader.java:195)
[23Dez2019 05:00:12.338] [main/INFO] [STDERR/]: [java.lang.ThreadGroup:uncaughtException:1052]: 	at net.minecraftforge.fml.loading.FMLServiceProvider.initialize(FMLServiceProvider.java:92)
[23Dez2019 05:00:12.338] [main/INFO] [STDERR/]: [java.lang.ThreadGroup:uncaughtException:1052]: 	at cpw.mods.modlauncher.TransformationServiceDecorator.onInitialize(TransformationServiceDecorator.java:68)
[23Dez2019 05:00:12.338] [main/INFO] [STDERR/]: [java.lang.ThreadGroup:uncaughtException:1052]: 	at cpw.mods.modlauncher.TransformationServicesHandler.lambda$initialiseTransformationServices$7(TransformationServicesHandler.java:107)
[23Dez2019 05:00:12.339] [main/INFO] [STDERR/]: [java.lang.ThreadGroup:uncaughtException:1052]: 	at java.util.HashMap$Values.forEach(HashMap.java:981)
[23Dez2019 05:00:12.339] [main/INFO] [STDERR/]: [java.lang.ThreadGroup:uncaughtException:1052]: 	at cpw.mods.modlauncher.TransformationServicesHandler.initialiseTransformationServices(TransformationServicesHandler.java:107)
[23Dez2019 05:00:12.339] [main/INFO] [STDERR/]: [java.lang.ThreadGroup:uncaughtException:1052]: 	at cpw.mods.modlauncher.TransformationServicesHandler.initializeTransformationServices(TransformationServicesHandler.java:59)
[23Dez2019 05:00:12.339] [main/INFO] [STDERR/]: [java.lang.ThreadGroup:uncaughtException:1052]: 	at cpw.mods.modlauncher.Launcher.run(Launcher.java:75)
[23Dez2019 05:00:12.340] [main/INFO] [STDERR/]: [java.lang.ThreadGroup:uncaughtException:1052]: 	at cpw.mods.modlauncher.Launcher.main(Launcher.java:65)
[23Dez2019 05:00:12.340] [main/INFO] [STDERR/]: [java.lang.ThreadGroup:uncaughtException:1052]: 	at net.minecraftforge.server.ServerMain$Runner.runLauncher(ServerMain.java:63)
[23Dez2019 05:00:12.340] [main/INFO] [STDERR/]: [java.lang.ThreadGroup:uncaughtException:1052]: 	at net.minecraftforge.server.ServerMain$Runner.access$100(ServerMain.java:60)
[23Dez2019 05:00:12.340] [main/INFO] [STDERR/]: [java.lang.ThreadGroup:uncaughtException:1052]: 	at net.minecraftforge.server.ServerMain.main(ServerMain.java:57)
