[19Okt2019 17:32:22.756] [main/INFO] [cpw.mods.modlauncher.Launcher/MODLAUNCHER]: ModLauncher running: args [--gameDir, ., --launchTarget, fmlserver, --fml.forgeVersion, 28.1.61, --fml.mcpVersion, 20190829.143755, --fml.mcVersion, 1.14.4, --fml.forgeGroup, net.minecraftforge]
[19Okt2019 17:32:22.760] [main/INFO] [cpw.mods.modlauncher.Launcher/MODLAUNCHER]: ModLauncher 4.1.0+62+5bfa59b starting: java version 1.8.0_221 by Oracle Corporation
[19Okt2019 17:32:23.111] [main/INFO] [net.minecraftforge.fml.loading.FixSSL/CORE]: Added Lets Encrypt root certificates as additional trust
[19Okt2019 17:32:23.170] [main/WARN] [net.minecraftforge.fml.loading.FMLConfig/CORE]: Configuration file D:\Programming\Minecraft Modding\TutorialMod\config\fml.toml is not correct. Correcting
[19Okt2019 17:32:23.179] [main/WARN] [net.minecraftforge.fml.loading.FMLConfig/CORE]: Incorrect key [defaultConfigPath] was corrected from null to defaultconfigs
[19Okt2019 17:32:23.199] [main/FATAL] [net.minecraftforge.fml.loading.FMLCommonLaunchHandler/CORE]: Failed to find forge version 28.1.61 for MC 1.14.4 at C:\Users\Philipp\.gradle\caches\modules-2\net\minecraftforge\forge\1.14.4-28.1.61\forge-1.14.4-28.1.61-universal.jar
[19Okt2019 17:32:23.215] [main/INFO] [STDERR/]: [java.lang.ThreadGroup:uncaughtException:1052]: java.lang.RuntimeException: Missing forge!
[19Okt2019 17:32:23.215] [main/INFO] [STDERR/]: [java.lang.ThreadGroup:uncaughtException:1052]: 	at net.minecraftforge.fml.loading.FMLCommonLaunchHandler.validatePaths(FMLCommonLaunchHandler.java:113)
[19Okt2019 17:32:23.216] [main/INFO] [STDERR/]: [java.lang.ThreadGroup:uncaughtException:1052]: 	at net.minecraftforge.fml.loading.FMLLoader.setupLaunchHandler(FMLLoader.java:194)
[19Okt2019 17:32:23.216] [main/INFO] [STDERR/]: [java.lang.ThreadGroup:uncaughtException:1052]: 	at net.minecraftforge.fml.loading.FMLServiceProvider.initialize(FMLServiceProvider.java:92)
[19Okt2019 17:32:23.217] [main/INFO] [STDERR/]: [java.lang.ThreadGroup:uncaughtException:1052]: 	at cpw.mods.modlauncher.TransformationServiceDecorator.onInitialize(TransformationServiceDecorator.java:68)
[19Okt2019 17:32:23.217] [main/INFO] [STDERR/]: [java.lang.ThreadGroup:uncaughtException:1052]: 	at cpw.mods.modlauncher.TransformationServicesHandler.lambda$initialiseTransformationServices$7(TransformationServicesHandler.java:107)
[19Okt2019 17:32:23.217] [main/INFO] [STDERR/]: [java.lang.ThreadGroup:uncaughtException:1052]: 	at java.util.HashMap$Values.forEach(HashMap.java:981)
[19Okt2019 17:32:23.218] [main/INFO] [STDERR/]: [java.lang.ThreadGroup:uncaughtException:1052]: 	at cpw.mods.modlauncher.TransformationServicesHandler.initialiseTransformationServices(TransformationServicesHandler.java:107)
[19Okt2019 17:32:23.218] [main/INFO] [STDERR/]: [java.lang.ThreadGroup:uncaughtException:1052]: 	at cpw.mods.modlauncher.TransformationServicesHandler.initializeTransformationServices(TransformationServicesHandler.java:59)
[19Okt2019 17:32:23.218] [main/INFO] [STDERR/]: [java.lang.ThreadGroup:uncaughtException:1052]: 	at cpw.mods.modlauncher.Launcher.run(Launcher.java:75)
[19Okt2019 17:32:23.219] [main/INFO] [STDERR/]: [java.lang.ThreadGroup:uncaughtException:1052]: 	at cpw.mods.modlauncher.Launcher.main(Launcher.java:65)
[19Okt2019 17:32:23.219] [main/INFO] [STDERR/]: [java.lang.ThreadGroup:uncaughtException:1052]: 	at net.minecraftforge.server.ServerMain$Runner.runLauncher(ServerMain.java:63)
[19Okt2019 17:32:23.220] [main/INFO] [STDERR/]: [java.lang.ThreadGroup:uncaughtException:1052]: 	at net.minecraftforge.server.ServerMain$Runner.access$100(ServerMain.java:60)
[19Okt2019 17:32:23.220] [main/INFO] [STDERR/]: [java.lang.ThreadGroup:uncaughtException:1052]: 	at net.minecraftforge.server.ServerMain.main(ServerMain.java:57)
